This is pdfTeX, Version 3.14159265-2.6-1.40.19 (MiKTeX 2.9.6650) (preloaded format=pdflatex 2018.4.20)  14 NOV 2018 22:34
entering extended mode
**./sl_assignment1.tex
(sl_assignment1.tex
LaTeX2e <2018-04-01> patch level 2
Babel <3.18> and hyphenation patterns for 0 language(s) loaded.

("/Users/gaoyuan/Library/Application Support/MiKTeX/texmfs/install/tex/latex/ba
se/article.cls"
Document Class: article 2014/09/29 v1.4h Standard LaTeX document class

("/Users/gaoyuan/Library/Application Support/MiKTeX/texmfs/install/tex/latex/ba
se/size12.clo"
File: size12.clo 2014/09/29 v1.4h Standard LaTeX file (size option)
)
\c@part=\count80
\c@section=\count81
\c@subsection=\count82
\c@subsubsection=\count83
\c@paragraph=\count84
\c@subparagraph=\count85
\c@figure=\count86
\c@table=\count87
\abovecaptionskip=\skip41
\belowcaptionskip=\skip42
\bibindent=\dimen102
)
("/Users/gaoyuan/Library/Application Support/MiKTeX/texmfs/install/tex/latex/to
ols/tabularx.sty"
Package: tabularx 2016/02/03 v2.11b `tabularx' package (DPC)

("/Users/gaoyuan/Library/Application Support/MiKTeX/texmfs/install/tex/latex/to
ols/array.sty"
Package: array 2018/04/07 v2.4g Tabular extension package (FMi)
\col@sep=\dimen103
\ar@mcellbox=\box26
\extrarowheight=\dimen104
\NC@list=\toks14
\extratabsurround=\skip43
\backup@length=\skip44
\ar@cellbox=\box27
)
\TX@col@width=\dimen105
\TX@old@table=\dimen106
\TX@old@col=\dimen107
\TX@target=\dimen108
\TX@delta=\dimen109
\TX@cols=\count88
\TX@ftn=\toks15
)
("/Users/gaoyuan/Library/Application Support/MiKTeX/texmfs/install/tex/latex/am
smath/amsmath.sty"
Package: amsmath 2017/09/02 v2.17a AMS math features
\@mathmargin=\skip45

For additional information on amsmath, use the `?' option.

("/Users/gaoyuan/Library/Application Support/MiKTeX/texmfs/install/tex/latex/am
smath/amstext.sty"
Package: amstext 2000/06/29 v2.01 AMS text

("/Users/gaoyuan/Library/Application Support/MiKTeX/texmfs/install/tex/latex/am
smath/amsgen.sty"
File: amsgen.sty 1999/11/30 v2.0 generic functions
\@emptytoks=\toks16
\ex@=\dimen110
))
("/Users/gaoyuan/Library/Application Support/MiKTeX/texmfs/install/tex/latex/am
smath/amsbsy.sty"
Package: amsbsy 1999/11/29 v1.2d Bold Symbols
\pmbraise@=\dimen111
)
("/Users/gaoyuan/Library/Application Support/MiKTeX/texmfs/install/tex/latex/am
smath/amsopn.sty"
Package: amsopn 2016/03/08 v2.02 operator names
)
\inf@bad=\count89
LaTeX Info: Redefining \frac on input line 213.
\uproot@=\count90
\leftroot@=\count91
LaTeX Info: Redefining \overline on input line 375.
\classnum@=\count92
\DOTSCASE@=\count93
LaTeX Info: Redefining \ldots on input line 472.
LaTeX Info: Redefining \dots on input line 475.
LaTeX Info: Redefining \cdots on input line 596.
\Mathstrutbox@=\box28
\strutbox@=\box29
\big@size=\dimen112
LaTeX Font Info:    Redeclaring font encoding OML on input line 712.
LaTeX Font Info:    Redeclaring font encoding OMS on input line 713.
\macc@depth=\count94
\c@MaxMatrixCols=\count95
\dotsspace@=\muskip10
\c@parentequation=\count96
\dspbrk@lvl=\count97
\tag@help=\toks17
\row@=\count98
\column@=\count99
\maxfields@=\count100
\andhelp@=\toks18
\eqnshift@=\dimen113
\alignsep@=\dimen114
\tagshift@=\dimen115
\tagwidth@=\dimen116
\totwidth@=\dimen117
\lineht@=\dimen118
\@envbody=\toks19
\multlinegap=\skip46
\multlinetaggap=\skip47
\mathdisplay@stack=\toks20
LaTeX Info: Redefining \[ on input line 2817.
LaTeX Info: Redefining \] on input line 2818.
)
("/Users/gaoyuan/Library/Application Support/MiKTeX/texmfs/install/tex/latex/am
sfonts/amssymb.sty"
Package: amssymb 2013/01/14 v3.01 AMS font symbols

("/Users/gaoyuan/Library/Application Support/MiKTeX/texmfs/install/tex/latex/am
sfonts/amsfonts.sty"
Package: amsfonts 2013/01/14 v3.01 Basic AMSFonts support
\symAMSa=\mathgroup4
\symAMSb=\mathgroup5
LaTeX Font Info:    Overwriting math alphabet `\mathfrak' in version `bold'
(Font)                  U/euf/m/n --> U/euf/b/n on input line 106.
))
("/Users/gaoyuan/Library/Application Support/MiKTeX/texmfs/install/tex/latex/gr
aphics/graphicx.sty"
Package: graphicx 2017/06/01 v1.1a Enhanced LaTeX Graphics (DPC,SPQR)

("/Users/gaoyuan/Library/Application Support/MiKTeX/texmfs/install/tex/latex/gr
aphics/keyval.sty"
Package: keyval 2014/10/28 v1.15 key=value parser (DPC)
\KV@toks@=\toks21
)
("/Users/gaoyuan/Library/Application Support/MiKTeX/texmfs/install/tex/latex/gr
aphics/graphics.sty"
Package: graphics 2017/06/25 v1.2c Standard LaTeX Graphics (DPC,SPQR)

("/Users/gaoyuan/Library/Application Support/MiKTeX/texmfs/install/tex/latex/gr
aphics/trig.sty"
Package: trig 2016/01/03 v1.10 sin cos tan (DPC)
)
("/Users/gaoyuan/Library/Application Support/MiKTeX/texmfs/install/tex/latex/gr
aphics-cfg/graphics.cfg"
File: graphics.cfg 2016/06/04 v1.11 sample graphics configuration
)
Package graphics Info: Driver file: pdftex.def on input line 99.

("/Users/gaoyuan/Library/Application Support/MiKTeX/texmfs/install/tex/latex/gr
aphics-def/pdftex.def"
File: pdftex.def 2018/01/08 v1.0l Graphics/color driver for pdftex
))
\Gin@req@height=\dimen119
\Gin@req@width=\dimen120
)
("/Users/gaoyuan/Library/Application Support/MiKTeX/texmfs/install/tex/latex/ge
ometry/geometry.sty"
Package: geometry 2018/03/24 v5.7 Page Geometry

("/Users/gaoyuan/Library/Application Support/MiKTeX/texmfs/install/tex/generic/
oberdiek/ifpdf.sty"
Package: ifpdf 2017/03/15 v3.2 Provides the ifpdf switch
)
("/Users/gaoyuan/Library/Application Support/MiKTeX/texmfs/install/tex/generic/
oberdiek/ifvtex.sty"
Package: ifvtex 2016/05/16 v1.6 Detect VTeX and its facilities (HO)
Package ifvtex Info: VTeX not detected.
)
("/Users/gaoyuan/Library/Application Support/MiKTeX/texmfs/install/tex/generic/
ifxetex/ifxetex.sty"
Package: ifxetex 2010/09/12 v0.6 Provides ifxetex conditional
)
\Gm@cnth=\count101
\Gm@cntv=\count102
\c@Gm@tempcnt=\count103
\Gm@bindingoffset=\dimen121
\Gm@wd@mp=\dimen122
\Gm@odd@mp=\dimen123
\Gm@even@mp=\dimen124
\Gm@layoutwidth=\dimen125
\Gm@layoutheight=\dimen126
\Gm@layouthoffset=\dimen127
\Gm@layoutvoffset=\dimen128
\Gm@dimlist=\toks22

("/Users/gaoyuan/Library/Application Support/MiKTeX/texmfs/install/tex/latex/ge
ometry/geometry.cfg"))
("/Users/gaoyuan/Library/Application Support/MiKTeX/texmfs/install/tex/latex/ci
te/cite.sty"
LaTeX Info: Redefining \cite on input line 302.
LaTeX Info: Redefining \nocite on input line 332.
Package: cite 2015/02/27  v 5.5
)
("/Users/gaoyuan/Library/Application Support/MiKTeX/texmfs/install/tex/latex/hy
perref/hyperref.sty"
Package: hyperref 2018/02/06 v6.86b Hypertext links for LaTeX

("/Users/gaoyuan/Library/Application Support/MiKTeX/texmfs/install/tex/generic/
oberdiek/hobsub-hyperref.sty"
Package: hobsub-hyperref 2016/05/16 v1.14 Bundle oberdiek, subset hyperref (HO)


("/Users/gaoyuan/Library/Application Support/MiKTeX/texmfs/install/tex/generic/
oberdiek/hobsub-generic.sty"
Package: hobsub-generic 2016/05/16 v1.14 Bundle oberdiek, subset generic (HO)
Package: hobsub 2016/05/16 v1.14 Construct package bundles (HO)
Package: infwarerr 2016/05/16 v1.4 Providing info/warning/error messages (HO)
Package: ltxcmds 2016/05/16 v1.23 LaTeX kernel commands for general use (HO)
Package: ifluatex 2016/05/16 v1.4 Provides the ifluatex switch (HO)
Package ifluatex Info: LuaTeX not detected.
Package hobsub Info: Skipping package `ifvtex' (already loaded).
Package: intcalc 2016/05/16 v1.2 Expandable calculations with integers (HO)
Package hobsub Info: Skipping package `ifpdf' (already loaded).
Package: etexcmds 2016/05/16 v1.6 Avoid name clashes with e-TeX commands (HO)
Package etexcmds Info: Could not find \expanded.
(etexcmds)             That can mean that you are not using pdfTeX 1.50 or
(etexcmds)             that some package has redefined \expanded.
(etexcmds)             In the latter case, load this package earlier.
Package: kvsetkeys 2016/05/16 v1.17 Key value parser (HO)
Package: kvdefinekeys 2016/05/16 v1.4 Define keys (HO)
Package: pdftexcmds 2018/01/30 v0.27 Utility functions of pdfTeX for LuaTeX (HO
)
Package pdftexcmds Info: LuaTeX not detected.
Package pdftexcmds Info: \pdf@primitive is available.
Package pdftexcmds Info: \pdf@ifprimitive is available.
Package pdftexcmds Info: \pdfdraftmode found.
Package: pdfescape 2016/05/16 v1.14 Implements pdfTeX's escape features (HO)
Package: bigintcalc 2016/05/16 v1.4 Expandable calculations on big integers (HO
)
Package: bitset 2016/05/16 v1.2 Handle bit-vector datatype (HO)
Package: uniquecounter 2016/05/16 v1.3 Provide unlimited unique counter (HO)
)
Package hobsub Info: Skipping package `hobsub' (already loaded).
Package: letltxmacro 2016/05/16 v1.5 Let assignment for LaTeX macros (HO)
Package: hopatch 2016/05/16 v1.3 Wrapper for package hooks (HO)
Package: xcolor-patch 2016/05/16 xcolor patch
Package: atveryend 2016/05/16 v1.9 Hooks at the very end of document (HO)
Package atveryend Info: \enddocument detected (standard20110627).
Package: atbegshi 2016/06/09 v1.18 At begin shipout hook (HO)
Package: refcount 2016/05/16 v3.5 Data extraction from label references (HO)
Package: hycolor 2016/05/16 v1.8 Color options for hyperref/bookmark (HO)
)
("/Users/gaoyuan/Library/Application Support/MiKTeX/texmfs/install/tex/latex/ob
erdiek/auxhook.sty"
Package: auxhook 2016/05/16 v1.4 Hooks for auxiliary files (HO)
)
("/Users/gaoyuan/Library/Application Support/MiKTeX/texmfs/install/tex/latex/ob
erdiek/kvoptions.sty"
Package: kvoptions 2016/05/16 v3.12 Key value format for package options (HO)
)
\@linkdim=\dimen129
\Hy@linkcounter=\count104
\Hy@pagecounter=\count105

("/Users/gaoyuan/Library/Application Support/MiKTeX/texmfs/install/tex/latex/hy
perref/pd1enc.def"
File: pd1enc.def 2018/02/06 v6.86b Hyperref: PDFDocEncoding definition (HO)
Now handling font encoding PD1 ...
... no UTF-8 mapping file for font encoding PD1
)
\Hy@SavedSpaceFactor=\count106

("/Users/gaoyuan/Library/Application Support/MiKTeX/texmfs/install/tex/latex/00
miktex/hyperref.cfg"
File: hyperref.cfg 2002/06/06 v1.2 hyperref configuration of TeXLive
)
Package hyperref Info: Option `final' set `true' on input line 4383.
Package hyperref Info: Hyper figures OFF on input line 4509.
Package hyperref Info: Link nesting OFF on input line 4514.
Package hyperref Info: Hyper index ON on input line 4517.
Package hyperref Info: Plain pages OFF on input line 4524.
Package hyperref Info: Backreferencing OFF on input line 4529.
Package hyperref Info: Implicit mode ON; LaTeX internals redefined.
Package hyperref Info: Bookmarks ON on input line 4762.
\c@Hy@tempcnt=\count107

("/Users/gaoyuan/Library/Application Support/MiKTeX/texmfs/install/tex/latex/ur
l/url.sty"
\Urlmuskip=\muskip11
Package: url 2013/09/16  ver 3.4  Verb mode for urls, etc.
)
LaTeX Info: Redefining \url on input line 5115.
\XeTeXLinkMargin=\dimen130
\Fld@menulength=\count108
\Field@Width=\dimen131
\Fld@charsize=\dimen132
Package hyperref Info: Hyper figures OFF on input line 6369.
Package hyperref Info: Link nesting OFF on input line 6374.
Package hyperref Info: Hyper index ON on input line 6377.
Package hyperref Info: backreferencing OFF on input line 6384.
Package hyperref Info: Link coloring OFF on input line 6389.
Package hyperref Info: Link coloring with OCG OFF on input line 6394.
Package hyperref Info: PDF/A mode OFF on input line 6399.
LaTeX Info: Redefining \ref on input line 6439.
LaTeX Info: Redefining \pageref on input line 6443.
\Hy@abspage=\count109
\c@Item=\count110
\c@Hfootnote=\count111
)
Package hyperref Info: Driver (autodetected): hpdftex.

("/Users/gaoyuan/Library/Application Support/MiKTeX/texmfs/install/tex/latex/hy
perref/hpdftex.def"
File: hpdftex.def 2018/02/06 v6.86b Hyperref driver for pdfTeX
\Fld@listcount=\count112
\c@bookmark@seq@number=\count113

("/Users/gaoyuan/Library/Application Support/MiKTeX/texmfs/install/tex/latex/ob
erdiek/rerunfilecheck.sty"
Package: rerunfilecheck 2016/05/16 v1.8 Rerun checks for auxiliary files (HO)
Package uniquecounter Info: New unique counter `rerunfilecheck' on input line 2
82.
)
\Hy@SectionHShift=\skip48
)
("/Users/gaoyuan/Library/Application Support/MiKTeX/texmfs/install/tex/latex/to
ols/enumerate.sty"
Package: enumerate 2015/07/23 v3.00 enumerate extensions (DPC)
\@enLab=\toks23
)
("/Users/gaoyuan/Library/Application Support/MiKTeX/texmfs/install/tex/latex/da
tetime/datetime.sty"
Package: datetime 2015/03/20 v2.60 Date Time Package

("/Users/gaoyuan/Library/Application Support/MiKTeX/texmfs/install/tex/latex/et
oolbox/etoolbox.sty"
Package: etoolbox 2018/02/11 v2.5e e-TeX tools for LaTeX (JAW)
\etb@tempcnta=\count114
)
("/Users/gaoyuan/Library/Application Support/MiKTeX/texmfs/install/tex/latex/fm
tcount/fmtcount.sty"
Package: fmtcount 2017/12/24 v3.05

("/Users/gaoyuan/Library/Application Support/MiKTeX/texmfs/install/tex/latex/ba
se/ifthen.sty"
Package: ifthen 2014/09/29 v1.1c Standard LaTeX ifthen package (DPC)
)
("/Users/gaoyuan/Library/Application Support/MiKTeX/texmfs/install/tex/latex/xk
eyval/xkeyval.sty"
Package: xkeyval 2014/12/03 v2.7a package option processing (HA)

("/Users/gaoyuan/Library/Application Support/MiKTeX/texmfs/install/tex/generic/
xkeyval/xkeyval.tex"
("/Users/gaoyuan/Library/Application Support/MiKTeX/texmfs/install/tex/generic/
xkeyval/xkvutils.tex"
\XKV@toks=\toks24
\XKV@tempa@toks=\toks25
)
\XKV@depth=\count115
File: xkeyval.tex 2014/12/03 v2.7a key=value parser (HA)
))
("/Users/gaoyuan/Library/Application Support/MiKTeX/texmfs/install/tex/latex/fm
tcount/fcprefix.sty"
Package: fcprefix 2012/09/28

("/Users/gaoyuan/Library/Application Support/MiKTeX/texmfs/install/tex/latex/fm
tcount/fcnumparser.sty"
Package: fcnumparser 2017/06/15
\fc@digit@counter=\count116
))
\c@padzeroesN=\count117
\fc@tmpcatcode=\count118
\@DT@modctr=\count119
\@ordinalctr=\count120
\@orgargctr=\count121
\@strctr=\count122
\@tmpstrctr=\count123
\@DT@loopN=\count124
\@DT@X=\count125
)
("/Users/gaoyuan/Library/Application Support/MiKTeX/texmfs/install/tex/latex/da
tetime/datetime-defaults.sty"
Package: datetime-defaults 2013/09/10
)
\@day=\count126
\@month=\count127
\@year=\count128
\c@HOUR=\count129
\c@HOURXII=\count130
\c@MINUTE=\count131
\c@TOHOUR=\count132
\c@TOMINUTE=\count133
\c@SECOND=\count134
\currenthour=\count135
\currentminute=\count136
\currentsecond=\count137
Package datetime Info: No datetime.cfg file found, using default settings on in
put line 308.
\@dtctr=\count138
\dayofyear=\count139
\dayofweek=\count140
LaTeX Info: Redefining \today on input line 736.
\dt@a=\toks26
\dt@b=\toks27
)
("/Users/gaoyuan/Library/Application Support/MiKTeX/texmfs/install/tex/latex/ca
ption/caption.sty"
Package: caption 2016/02/21 v3.3-144 Customizing captions (AR)

("/Users/gaoyuan/Library/Application Support/MiKTeX/texmfs/install/tex/latex/ca
ption/caption3.sty"
Package: caption3 2016/05/22 v1.7-166 caption3 kernel (AR)
Package caption3 Info: TeX engine: e-TeX on input line 67.
\captionmargin=\dimen133
\captionmargin@=\dimen134
\captionwidth=\dimen135
\caption@tempdima=\dimen136
\caption@indent=\dimen137
\caption@parindent=\dimen138
\caption@hangindent=\dimen139
)
\c@ContinuedFloat=\count141
Package caption Info: hyperref package is loaded.
)
("/Users/gaoyuan/Library/Application Support/MiKTeX/texmfs/install/tex/latex/py
thonhighlight/pythonhighlight.sty"
Package: pythonhighlight 2017/02/09 python code highlighting; provided by Olivi
er Verdier <olivier.verdier@gmail.com>

("/Users/gaoyuan/Library/Application Support/MiKTeX/texmfs/install/tex/latex/li
stings/listings.sty"
\lst@mode=\count142
\lst@gtempboxa=\box30
\lst@token=\toks28
\lst@length=\count143
\lst@currlwidth=\dimen140
\lst@column=\count144
\lst@pos=\count145
\lst@lostspace=\dimen141
\lst@width=\dimen142
\lst@newlines=\count146
\lst@lineno=\count147
\lst@maxwidth=\dimen143

("/Users/gaoyuan/Library/Application Support/MiKTeX/texmfs/install/tex/latex/li
stings/lstmisc.sty"
File: lstmisc.sty 2015/06/04 1.6 (Carsten Heinz)
\c@lstnumber=\count148
\lst@skipnumbers=\count149
\lst@framebox=\box31
)
("/Users/gaoyuan/Library/Application Support/MiKTeX/texmfs/install/tex/latex/li
stings/listings.cfg"
File: listings.cfg 2015/06/04 1.6 listings configuration
))
Package: listings 2015/06/04 1.6 (Carsten Heinz)

("/Users/gaoyuan/Library/Application Support/MiKTeX/texmfs/install/tex/latex/xc
olor/xcolor.sty"
Package: xcolor 2016/05/11 v2.12 LaTeX color extensions (UK)

("/Users/gaoyuan/Library/Application Support/MiKTeX/texmfs/install/tex/latex/gr
aphics-cfg/color.cfg"
File: color.cfg 2016/01/02 v1.6 sample color configuration
)
Package xcolor Info: Driver file: pdftex.def on input line 225.
Package xcolor Info: Model `cmy' substituted by `cmy0' on input line 1348.
Package xcolor Info: Model `hsb' substituted by `rgb' on input line 1352.
Package xcolor Info: Model `RGB' extended on input line 1364.
Package xcolor Info: Model `HTML' substituted by `rgb' on input line 1366.
Package xcolor Info: Model `Hsb' substituted by `hsb' on input line 1367.
Package xcolor Info: Model `tHsb' substituted by `hsb' on input line 1368.
Package xcolor Info: Model `HSB' substituted by `hsb' on input line 1369.
Package xcolor Info: Model `Gray' substituted by `gray' on input line 1370.
Package xcolor Info: Model `wave' substituted by `hsb' on input line 1371.
))
("/Users/gaoyuan/Library/Application Support/MiKTeX/texmfs/install/tex/latex/ba
se/inputenc.sty"
Package: inputenc 2018/04/06 v1.3b Input encoding file
\inpenc@prehook=\toks29
\inpenc@posthook=\toks30

("/Users/gaoyuan/Library/Application Support/MiKTeX/texmfs/install/tex/latex/uc
s/utf8x.def"
File: utf8x.def 2004/10/17 UCS: Input encoding UTF-8
))
("/Users/gaoyuan/Library/Application Support/MiKTeX/texmfs/install/tex/latex/uc
s/ucs.sty"
Package: ucs 2013/05/11 v2.2 UCS: Unicode input support

("/Users/gaoyuan/Library/Application Support/MiKTeX/texmfs/install/tex/latex/uc
s/uni-global.def"
File: uni-global.def 2013/05/13 UCS: Unicode global data
)
\uc@secondtry=\count150
\uc@combtoks=\toks31
\uc@combtoksb=\toks32
\uc@temptokena=\toks33
)
\c@corollary=\count151
Package hyperref Info: Option `colorlinks' set `true' on input line 26.


LaTeX Warning: Unused global option(s):
    [A4].

(sl_assignment1.aux)
\openout1 = `sl_assignment1.aux'.

LaTeX Font Info:    Checking defaults for OML/cmm/m/it on input line 30.
LaTeX Font Info:    ... okay on input line 30.
LaTeX Font Info:    Checking defaults for T1/cmr/m/n on input line 30.
LaTeX Font Info:    ... okay on input line 30.
LaTeX Font Info:    Checking defaults for OT1/cmr/m/n on input line 30.
LaTeX Font Info:    ... okay on input line 30.
LaTeX Font Info:    Checking defaults for OMS/cmsy/m/n on input line 30.
LaTeX Font Info:    ... okay on input line 30.
LaTeX Font Info:    Checking defaults for OMX/cmex/m/n on input line 30.
LaTeX Font Info:    ... okay on input line 30.
LaTeX Font Info:    Checking defaults for U/cmr/m/n on input line 30.
LaTeX Font Info:    ... okay on input line 30.
LaTeX Font Info:    Checking defaults for PD1/pdf/m/n on input line 30.
LaTeX Font Info:    ... okay on input line 30.

("/Users/gaoyuan/Library/Application Support/MiKTeX/texmfs/install/tex/context/
base/supp-pdf.mkii"
[Loading MPS to PDF converter (version 2006.09.02).]
\scratchcounter=\count152
\scratchdimen=\dimen144
\scratchbox=\box32
\nofMPsegments=\count153
\nofMParguments=\count154
\everyMPshowfont=\toks34
\MPscratchCnt=\count155
\MPscratchDim=\dimen145
\MPnumerator=\count156
\makeMPintoPDFobject=\count157
\everyMPtoPDFconversion=\toks35
)
("/Users/gaoyuan/Library/Application Support/MiKTeX/texmfs/install/tex/latex/ob
erdiek/epstopdf-base.sty"
Package: epstopdf-base 2016/05/15 v2.6 Base part for package epstopdf

("/Users/gaoyuan/Library/Application Support/MiKTeX/texmfs/install/tex/latex/ob
erdiek/grfext.sty"
Package: grfext 2016/05/16 v1.2 Manage graphics extensions (HO)
)
Package epstopdf-base Info: Redefining graphics rule for `.eps' on input line 4
38.
Package grfext Info: Graphics extension search list:
(grfext)             [.pdf,.png,.jpg,.mps,.jpeg,.jbig2,.jb2,.PDF,.PNG,.JPG,.JPE
G,.JBIG2,.JB2,.eps]
(grfext)             \AppendGraphicsExtensions on input line 456.
)
*geometry* driver: auto-detecting
*geometry* detected driver: pdftex
*geometry* verbose mode - [ preamble ] result:
* driver: pdftex
* paper: letterpaper
* layout: <same size as paper>
* layoutoffset:(h,v)=(0.0pt,0.0pt)
* modes: 
* h-part:(L,W,R)=(72.26999pt, 469.75502pt, 72.26999pt)
* v-part:(T,H,B)=(72.26999pt, 650.43001pt, 72.26999pt)
* \paperwidth=614.295pt
* \paperheight=794.96999pt
* \textwidth=469.75502pt
* \textheight=650.43001pt
* \oddsidemargin=0.0pt
* \evensidemargin=0.0pt
* \topmargin=-37.0pt
* \headheight=12.0pt
* \headsep=25.0pt
* \topskip=12.0pt
* \footskip=30.0pt
* \marginparwidth=44.0pt
* \marginparsep=10.0pt
* \columnsep=10.0pt
* \skip\footins=10.8pt plus 4.0pt minus 2.0pt
* \hoffset=0.0pt
* \voffset=0.0pt
* \mag=1000
* \@twocolumnfalse
* \@twosidefalse
* \@mparswitchfalse
* \@reversemarginfalse
* (1in=72.27pt=25.4mm, 1cm=28.453pt)

\AtBeginShipoutBox=\box33
Package hyperref Info: Link coloring ON on input line 30.

("/Users/gaoyuan/Library/Application Support/MiKTeX/texmfs/install/tex/latex/hy
perref/nameref.sty"
Package: nameref 2016/05/21 v2.44 Cross-referencing by name of section

("/Users/gaoyuan/Library/Application Support/MiKTeX/texmfs/install/tex/generic/
oberdiek/gettitlestring.sty"
Package: gettitlestring 2016/05/16 v1.5 Cleanup title references (HO)
)
\c@section@level=\count158
)
LaTeX Info: Redefining \ref on input line 30.
LaTeX Info: Redefining \pageref on input line 30.
LaTeX Info: Redefining \nameref on input line 30.
 (sl_assignment1.out) (sl_assignment1.out)
\@outlinefile=\write3
\openout3 = `sl_assignment1.out'.


("/Users/gaoyuan/Library/Application Support/MiKTeX/texmfs/install/tex/latex/fm
tcount/fc-english.def"
File: fc-english.def 2016/01/12
)
Package caption Info: Begin \AtBeginDocument code.
Package caption Info: listings package is loaded.
Package caption Info: End \AtBeginDocument code.
\c@lstlisting=\count159

("/Users/gaoyuan/Library/Application Support/MiKTeX/texmfs/install/tex/latex/uc
s/ucsencs.def"
File: ucsencs.def 2011/01/21 Fixes to fontencodings LGR, T3
)
Missing character: There is no ‚ in font cmr17!
Missing character: There is no Ä in font cmr17!
Missing character: There is no ì in font cmr17!
LaTeX Font Info:    Try loading font information for U+msa on input line 36.

("/Users/gaoyuan/Library/Application Support/MiKTeX/texmfs/install/tex/latex/am
sfonts/umsa.fd"
File: umsa.fd 2013/01/14 v3.01 AMS symbols A
)
LaTeX Font Info:    Try loading font information for U+msb on input line 36.

("/Users/gaoyuan/Library/Application Support/MiKTeX/texmfs/install/tex/latex/am
sfonts/umsb.fd"
File: umsb.fd 2013/01/14 v3.01 AMS symbols B
)

Package hyperref Warning: Token not allowed in a PDF string (PDFDocEncoding):
(hyperref)                removing `\uppercase' on input line 37.

LaTeX Font Info:    Try loading font information for OMS+cmr on input line 40.

("/Users/gaoyuan/Library/Application Support/MiKTeX/texmfs/install/tex/latex/ba
se/omscmr.fd"
File: omscmr.fd 2014/09/29 v2.5h Standard LaTeX font definitions
)
LaTeX Font Info:    Font shape `OMS/cmr/m/n' in size <12> not available
(Font)              Font shape `OMS/cmsy/m/n' tried instead on input line 40.
<1a.png, id=28, 462.528pt x 346.896pt>
File: 1a.png Graphic file (type png)
<use 1a.png>
Package pdftex.def Info: 1a.png  used on input line 46.
(pdftex.def)             Requested size: 375.80544pt x 281.86818pt.

Overfull \hbox (10.28862pt too wide) in paragraph at lines 42--52
[]\OT1/cmr/m/n/12 Produce a plot similar to Figure 1, superimposing the four di
fferent curves corresponding
 []

<2a1.png, id=31, 462.528pt x 346.896pt>
File: 2a1.png Graphic file (type png)
<use 2a1.png>
Package pdftex.def Info: 2a1.png  used on input line 79.
(pdftex.def)             Requested size: 375.80544pt x 281.86818pt.
[1

{/Users/gaoyuan/Library/Application Support/MiKTeX/texmfs/data/pdftex/config/pd
ftex.map}]
<2a2.png, id=52, 462.528pt x 346.896pt>
File: 2a2.png Graphic file (type png)
<use 2a2.png>
Package pdftex.def Info: 2a2.png  used on input line 90.
(pdftex.def)             Requested size: 375.80544pt x 281.86818pt.
<2b.png, id=54, 462.528pt x 346.896pt>
File: 2b.png Graphic file (type png)
<use 2b.png>
Package pdftex.def Info: 2b.png  used on input line 101.
(pdftex.def)             Requested size: 375.80544pt x 281.86818pt.

Overfull \hbox (6.15349pt too wide) in paragraph at lines 97--107
\OT1/cmr/m/n/12 polynomial basis of dimension $\OML/cmm/m/it/12 k$\OT1/cmr/m/n/
12 . Plot the log of the training error versus the polynomial
 []

<2c.png, id=56, 462.528pt x 346.896pt>
File: 2c.png Graphic file (type png)
<use 2c.png>
Package pdftex.def Info: 2c.png  used on input line 116.
(pdftex.def)             Requested size: 375.80544pt x 281.86818pt.
[2 <./1a.png>] [3 <./2a1.png> <./2a2.png>]
Missing character: There is no ‚ in font cmr12!
Missing character: There is no Ä in font cmr12!
Missing character: There is no ú in font cmr12!
Missing character: There is no ‚ in font cmr12!
Missing character: There is no Ä in font cmr12!
Missing character: There is no ù in font cmr12!
<2db.png, id=81, 462.528pt x 346.896pt>
File: 2db.png Graphic file (type png)
<use 2db.png>
Package pdftex.def Info: 2db.png  used on input line 127.
(pdftex.def)             Requested size: 375.80544pt x 281.86818pt.
<2dc.png, id=82, 462.528pt x 346.896pt>
File: 2dc.png Graphic file (type png)
<use 2dc.png>
Package pdftex.def Info: 2dc.png  used on input line 134.
(pdftex.def)             Requested size: 375.80544pt x 281.86818pt.
<3b.png, id=87, 462.528pt x 346.896pt>
File: 3b.png Graphic file (type png)
<use 3b.png>
Package pdftex.def Info: 3b.png  used on input line 150.
(pdftex.def)             Requested size: 375.80544pt x 281.86818pt.
<3c.png, id=88, 462.528pt x 346.896pt>
File: 3c.png Graphic file (type png)
<use 3c.png>
Package pdftex.def Info: 3c.png  used on input line 157.
(pdftex.def)             Requested size: 375.80544pt x 281.86818pt.
<3d1.png, id=89, 462.528pt x 346.896pt>
File: 3d1.png Graphic file (type png)
<use 3d1.png>
Package pdftex.def Info: 3d1.png  used on input line 164.
(pdftex.def)             Requested size: 375.80544pt x 281.86818pt.
<3d2.png, id=90, 462.528pt x 346.896pt>
File: 3d2.png Graphic file (type png)
<use 3d2.png>
Package pdftex.def Info: 3d2.png  used on input line 171.
(pdftex.def)             Requested size: 375.80544pt x 281.86818pt.

Overfull \hbox (2.314pt too wide) in paragraph at lines 145--177
\OT1/cmr/m/it/12 Code used to implement this question can be seen in appendix. 
Function name: part1[]1[]3().
 []

[4 <./2b.png>] [5 <./2c.png> <./2db.png>]

LaTeX Warning: The counter will not be printed.
             The label is: 4. on input line 180.


Overfull \hbox (17.32773pt too wide) in paragraph at lines 189--190
\OT1/cmr/m/it/12 Code used to implement this question can be seen in appendix. 
Function name: part1[]2[]a(). 
 []

Missing character: There is no ‚ in font cmr12!
Missing character: There is no Ä in font cmr12!
Missing character: There is no ò in font cmr12!
Missing character: There is no ‚ in font cmr12!
Missing character: There is no Ä in font cmr12!
Missing character: There is no ô in font cmr12!
[6 <./2dc.png>] [7 <./3b.png> <./3c.png>] [8 <./3d1.png> <./3d2.png>]
Overfull \hbox (16.72774pt too wide) in paragraph at lines 212--213
\OT1/cmr/m/it/12 Code used to implement this question can be seen in appendix. 
Function name: part1[]2[]c(). 
 []


Overfull \hbox (17.32773pt too wide) in paragraph at lines 220--221
\OT1/cmr/m/it/12 Code used to implement this question can be seen in appendix. 
Function name: part1[]2[]d(). 
 []


LaTeX Warning: The counter will not be printed.
             The label is: 5. on input line 225.

[9]
Missing character: There is no ‚ in font cmr12!
Missing character: There is no Ä in font cmr12!
Missing character: There is no ú in font cmr12!
Missing character: There is no ‚ in font cmr12!
Missing character: There is no Ä in font cmr12!
Missing character: There is no ù in font cmr12!
<5b1.png, id=140, 462.528pt x 346.896pt>
File: 5b1.png Graphic file (type png)
<use 5b1.png>
Package pdftex.def Info: 5b1.png  used on input line 239.
(pdftex.def)             Requested size: 375.80544pt x 281.86818pt.
<5b2.png, id=141, 300.6432pt x 344.0052pt>
File: 5b2.png Graphic file (type png)
<use 5b2.png>
Package pdftex.def Info: 5b2.png  used on input line 246.
(pdftex.def)             Requested size: 375.80544pt x 430.03168pt.
 [10 <./5b1.png>] [11 <./5b2.png>]
Overfull \hbox (12.4077pt too wide) in paragraph at lines 260--261
\OT1/cmr/m/it/12 Code used to implement this question can be seen in appendix. 
Function name: part1[]3c(). 
 []


Overfull \hbox (9.85764pt too wide) in paragraph at lines 262--265
\OT1/cmr/m/it/12 Code used to implement this question can be seen in appendix. 
Function name: part1[]3d() 
 []


Package hyperref Warning: Token not allowed in a PDF string (PDFDocEncoding):
(hyperref)                removing `\uppercase' on input line 298.


LaTeX Warning: The counter will not be printed.
             The label is: 6. on input line 300.


Underfull \hbox (badness 10000) in paragraph at lines 303--304

 []

[12]

LaTeX Warning: The counter will not be printed.
             The label is: (b) on input line 320.


Underfull \hbox (badness 10000) in paragraph at lines 321--322

 []


Underfull \hbox (badness 10000) in paragraph at lines 350--351

 []


LaTeX Warning: The counter will not be printed.
             The label is: 7. on input line 353.

[13]

LaTeX Warning: The counter will not be printed.
             The label is: (b) on input line 372.

<7b1.png, id=187, 462.528pt x 346.896pt>
File: 7b1.png Graphic file (type png)
<use 7b1.png>
Package pdftex.def Info: 7b1.png  used on input line 377.
(pdftex.def)             Requested size: 375.80544pt x 281.86818pt.
<7b2.png, id=188, 462.528pt x 346.896pt>
File: 7b2.png Graphic file (type png)
<use 7b2.png>
Package pdftex.def Info: 7b2.png  used on input line 384.
(pdftex.def)             Requested size: 375.80544pt x 281.86818pt.
<7b3.png, id=189, 462.528pt x 346.896pt>
File: 7b3.png Graphic file (type png)
<use 7b3.png>
Package pdftex.def Info: 7b3.png  used on input line 391.
(pdftex.def)             Requested size: 375.80544pt x 281.86818pt.
[14]

LaTeX Warning: Text page 15 contains only floats.

[15 <./7b1.png> <./7b2.png>] [16 <./7b3.png>]

LaTeX Warning: The counter will not be printed.
             The label is: 8. on input line 401.


Underfull \hbox (badness 10000) in paragraph at lines 402--403

 []


Underfull \hbox (badness 10000) in paragraph at lines 411--414

 []


LaTeX Warning: The counter will not be printed.
             The label is: 9. on input line 427.


Underfull \hbox (badness 10000) in paragraph at lines 428--429

 []


Underfull \hbox (badness 10000) in paragraph at lines 430--431

 []

[17

] [18]
Underfull \hbox (badness 10000) in paragraph at lines 530--531

 []


Underfull \hbox (badness 10000) in paragraph at lines 551--553

 []


Underfull \hbox (badness 10000) in paragraph at lines 554--555

 []

[19]
Underfull \hbox (badness 10000) in paragraph at lines 564--569

 []


Underfull \hbox (badness 10000) in paragraph at lines 570--577

 []

[20]
("/Users/gaoyuan/Library/Application Support/MiKTeX/texmfs/install/tex/latex/li
stings/lstlang1.sty"
File: lstlang1.sty 2015/06/04 1.6 listings language file
)
Package hyperref Info: bookmark level for unknown lstlisting defaults to 0 on i
nput line 588.
 (linaerRegression.py
Missing character: There is no ¬ in font cmsltt10!
Missing character: There is no ∑ in font cmsltt10!
Missing character: There is no ¬ in font cmsltt10!
Missing character: There is no ∑ in font cmsltt10!
Missing character: There is no ¬ in font cmsltt10!
Missing character: There is no ∑ in font cmsltt10!
LaTeX Font Info:    Font shape `OT1/cmtt/bx/n' in size <10> not available
(Font)              Font shape `OT1/cmtt/m/n' tried instead on input line 7.
 [21

]) [22] (KernelisedRR.py
Missing character: There is no ¬ in font cmsltt10!
Missing character: There is no ∑ in font cmsltt10!
Missing character: There is no ¬ in font cmsltt10!
Missing character: There is no ∑ in font cmsltt10!
Missing character: There is no ¬ in font cmsltt10!
Missing character: There is no ∑ in font cmsltt10!
)
[23

] [24] (CW1.py
Missing character: There is no ¬ in font cmsltt10!
Missing character: There is no ∑ in font cmsltt10!
Missing character: There is no ¬ in font cmsltt10!
Missing character: There is no ∑ in font cmsltt10!
Missing character: There is no ¬ in font cmsltt10!
Missing character: There is no ∑ in font cmsltt10!
 [25

] [26] [27] [28] [29]
Missing character: There is no œ in font cmtt10!
Missing character: There is no Ä in font cmtt10!
Missing character: There is no œ in font cmtt10!
Missing character: There is no Ä in font cmtt10!
Missing character: There is no œ in font cmtt10!
Missing character: There is no Ä in font cmtt10!
Missing character: There is no œ in font cmtt10!
Missing character: There is no Ä in font cmtt10!
 [30]
Missing character: There is no œ in font cmtt10!
Missing character: There is no Ä in font cmtt10!
Missing character: There is no œ in font cmtt10!
Missing character: There is no Ä in font cmtt10!
Missing character: There is no œ in font cmtt10!
Missing character: There is no Ä in font cmtt10!
Missing character: There is no œ in font cmtt10!
Missing character: There is no Ä in font cmtt10!
 [31] [32] [33] [34] [35]
Missing character: There is no ¬ in font cmtt10!
Missing character: There is no ± in font cmtt10!
Missing character: There is no ¬ in font cmtt10!
Missing character: There is no ± in font cmtt10!
Missing character: There is no ¬ in font cmtt10!
Missing character: There is no ± in font cmtt10!
Missing character: There is no ¬ in font cmtt10!
Missing character: There is no ± in font cmtt10!
Missing character: There is no ¬ in font cmtt10!
Missing character: There is no ± in font cmtt10!
Missing character: There is no ¬ in font cmtt10!
Missing character: There is no ± in font cmtt10!

[36]
Missing character: There is no ¬ in font cmtt10!
Missing character: There is no ± in font cmtt10!
Missing character: There is no ¬ in font cmtt10!
Missing character: There is no ± in font cmtt10!
)
Package atveryend Info: Empty hook `BeforeClearDocument' on input line 595.
 [37]
Package atveryend Info: Empty hook `AfterLastShipout' on input line 595.
 (sl_assignment1.aux)
Package atveryend Info: Executing hook `AtVeryEndDocument' on input line 595.
Package atveryend Info: Executing hook `AtEndAfterFileList' on input line 595.
Package rerunfilecheck Info: File `sl_assignment1.out' has not changed.
(rerunfilecheck)             Checksum: 6D069ED48D1FC3335B1D175BD78B0583;358.
Package atveryend Info: Empty hook `AtVeryVeryEnd' on input line 595.
 ) 
Here is how much of TeX's memory you used:
 12512 strings out of 494894
 187216 string characters out of 3176924
 597446 words of memory out of 3000000
 15112 multiletter control sequences out of 15000+200000
 18193 words of font info for 69 fonts, out of 3000000 for 9000
 0 hyphenation exceptions out of 8191
 53i,15n,98p,1019b,2376s stack positions out of 5000i,500n,10000p,200000b,50000s
</Users/gaoyuan/Library/Application Support/MiKTeX/texmfs/install/fonts/type1
/public/amsfonts/cm/cmbx12.pfb></Users/gaoyuan/Library/Application Support/MiKT
eX/texmfs/install/fonts/type1/public/amsfonts/cm/cmbx8.pfb></Users/gaoyuan/Libr
ary/Application Support/MiKTeX/texmfs/install/fonts/type1/public/amsfonts/cm/cm
csc10.pfb></Users/gaoyuan/Library/Application Support/MiKTeX/texmfs/install/fon
ts/type1/public/amsfonts/cm/cmex10.pfb></Users/gaoyuan/Library/Application Supp
ort/MiKTeX/texmfs/install/fonts/type1/public/amsfonts/cm/cmmi10.pfb></Users/gao
yuan/Library/Application Support/MiKTeX/texmfs/install/fonts/type1/public/amsfo
nts/cm/cmmi12.pfb></Users/gaoyuan/Library/Application Support/MiKTeX/texmfs/ins
tall/fonts/type1/public/amsfonts/cm/cmmi6.pfb></Users/gaoyuan/Library/Applicati
on Support/MiKTeX/texmfs/install/fonts/type1/public/amsfonts/cm/cmmi8.pfb></Use
rs/gaoyuan/Library/Application Support/MiKTeX/texmfs/install/fonts/type1/public
/amsfonts/cm/cmmib10.pfb></Users/gaoyuan/Library/Application Support/MiKTeX/tex
mfs/install/fonts/type1/public/amsfonts/cm/cmr10.pfb></Users/gaoyuan/Library/Ap
plication Support/MiKTeX/texmfs/install/fonts/type1/public/amsfonts/cm/cmr12.pf
b></Users/gaoyuan/Library/Application Support/MiKTeX/texmfs/install/fonts/type1
/public/amsfonts/cm/cmr17.pfb></Users/gaoyuan/Library/Application Support/MiKTe
X/texmfs/install/fonts/type1/public/amsfonts/cm/cmr6.pfb></Users/gaoyuan/Librar
y/Application Support/MiKTeX/texmfs/install/fonts/type1/public/amsfonts/cm/cmr7
.pfb></Users/gaoyuan/Library/Application Support/MiKTeX/texmfs/install/fonts/ty
pe1/public/amsfonts/cm/cmr8.pfb></Users/gaoyuan/Library/Application Support/MiK
TeX/texmfs/install/fonts/type1/public/amsfonts/cm/cmsltt10.pfb></Users/gaoyuan/
Library/Application Support/MiKTeX/texmfs/install/fonts/type1/public/amsfonts/c
m/cmsy10.pfb></Users/gaoyuan/Library/Application Support/MiKTeX/texmfs/install/
fonts/type1/public/amsfonts/cm/cmsy8.pfb></Users/gaoyuan/Library/Application Su
pport/MiKTeX/texmfs/install/fonts/type1/public/amsfonts/cm/cmti12.pfb></Users/g
aoyuan/Library/Application Support/MiKTeX/texmfs/install/fonts/type1/public/ams
fonts/cm/cmtt10.pfb></Users/gaoyuan/Library/Application Support/MiKTeX/texmfs/i
nstall/fonts/type1/public/amsfonts/symbols/msam10.pfb>
Output written on sl_assignment1.pdf (37 pages, 1701033 bytes).
PDF statistics:
 1274 PDF objects out of 1440 (max. 8388607)
 826 named destinations out of 1000 (max. 500000)
 129 words of extra memory for PDF output out of 10000 (max. 10000000)

